Environment variable "G4FORCE_RUN_MANAGER_TYPE" enabled with value == Serial. Forcing G4RunManager type...

        ############################################
        !!! WARNING - FPE detection is activated !!!
        ############################################


          ################################
          !!! G4Backtrace is activated !!!
          ################################


**************************************************************
 Geant4 version Name: geant4-11-04-patch-01    (13-March-2026)
                       Copyright : Geant4 Collaboration
                      References : NIM A 506 (2003), 250-303
                                 : IEEE-TNS 53 (2006), 270-278
                                 : NIM A 835 (2016), 186-225
                             WWW : http://geant4.org/
**************************************************************

<<< Geant4 Physics List simulation engine: FTFP_BERT

Visualization Manager instantiating with verbosity "warnings (3)"...
Visualization Manager initialising...
Registering graphics systems...

You have successfully registered the following graphics systems.
Registered graphics systems are:
  ASCIITree (ATree)
  DAWNFILE (DAWNFILE)
  RayTracer (RT)
  VRML2FILE (VRML2FILE)
  gMocrenFile (gMocrenFile)
  TOOLSSG_OFFSCREEN (TSG_OFFSCREEN, TSG_FILE)
  OpenGLImmediateQt (OGLIQt, OGLI)
  OpenGLStoredQt (OGLSQt, OGLS)
  OpenGLImmediateXm (OGLIXm, OGLIQt_FALLBACK)
  OpenGLStoredXm (OGLSXm, OGLSQt_FALLBACK)
  OpenGLImmediateX (OGLIX, OGLIQt_FALLBACK, OGLIXm_FALLBACK)
  OpenGLStoredX (OGLSX, OGLSQt_FALLBACK, OGLSXm_FALLBACK)
  RayTracerX (RTX)
  RayTracerQt (RTQt)
  TOOLSSG_X11_GLES (TSG_X11_GLES, TSGX11, TSG_XT_GLES_FALLBACK)
  TOOLSSG_X11_ZB (TSG_X11_ZB, TSGX11ZB)
  TOOLSSG_XT_GLES (TSG_XT_GLES, TSGXt, TSG_QT_GLES_FALLBACK)
  TOOLSSG_XT_ZB (TSG_XT_ZB, TSGXtZB)
  TOOLSSG_QT_GLES (TSG_QT_GLES, TSGQt, TSG, OGL)
  TOOLSSG_QT_ZB (TSG_QT_ZB, TSGQtZB, TSGZB)
You may choose a graphics system (driver) with a parameter of
the command "/vis/open" or "/vis/sceneHandler/create",
or you may omit the driver parameter and choose at run time:
- by argument in the construction of G4VisExecutive
- by environment variable "G4VIS_DEFAULT_DRIVER"
- by entry in "~/.g4session"
- by build flags.
- Note: This feature is not allowed in batch mode.
For further information see "examples/basic/B1/exampleB1.cc"
and "vis.mac".

Registering model factories...

You have successfully registered the following model factories.
Registered model factories:
  generic
  drawByAttribute
  drawByCharge
  drawByOriginVolume
  drawByParticleID
  drawByEncounteredVolume

Registered models:
  None

Registered filter factories:
  attributeFilter
  chargeFilter
  originVolumeFilter
  particleFilter
  encounteredVolumeFilter

Registered filters:
  None

You have successfully registered the following user vis actions.
Run Duration User Vis Actions: none
End of Event User Vis Actions: none
End of Run User Vis Actions: none

Some /vis commands (optionally) take a string to specify colour.
"/vis/list" to see available colours.

The materials defined are : 


***** Table : Nb of materials = 5 *****

 Material:   G4_AIR    density:  1.205 mg/cm3  RadL: 303.921 m    Nucl.Int.Length: 710.095 m  
                       Imean:  85.700 eV   temperature: 293.15 K  pressure:   1.00 atm

   --->  Element: C (C)   Z =  6.0   N =    12   A = 12.011 g/mole
         --->  Isotope:   C12   Z =  6   N =  12   A =  12.00 g/mole   abundance: 98.930 %
         --->  Isotope:   C13   Z =  6   N =  13   A =  13.00 g/mole   abundance:  1.070 %
          ElmMassFraction:   0.01 %  ElmAbundance   0.02 % 

   --->  Element: N (N)   Z =  7.0   N =    14   A = 14.007 g/mole
         --->  Isotope:   N14   Z =  7   N =  14   A =  14.00 g/mole   abundance: 99.632 %
         --->  Isotope:   N15   Z =  7   N =  15   A =  15.00 g/mole   abundance:  0.368 %
          ElmMassFraction:  75.53 %  ElmAbundance  78.44 % 

   --->  Element: O (O)   Z =  8.0   N =    16   A = 15.999 g/mole
         --->  Isotope:   O16   Z =  8   N =  16   A =  15.99 g/mole   abundance: 99.757 %
         --->  Isotope:   O17   Z =  8   N =  17   A =  17.00 g/mole   abundance:  0.038 %
         --->  Isotope:   O18   Z =  8   N =  18   A =  18.00 g/mole   abundance:  0.205 %
          ElmMassFraction:  23.18 %  ElmAbundance  21.07 % 

   --->  Element: Ar (Ar)   Z = 18.0   N =    40   A = 39.948 g/mole
         --->  Isotope:  Ar36   Z = 18   N =  36   A =  35.97 g/mole   abundance:  0.337 %
         --->  Isotope:  Ar38   Z = 18   N =  38   A =  37.96 g/mole   abundance:  0.063 %
         --->  Isotope:  Ar40   Z = 18   N =  40   A =  39.96 g/mole   abundance: 99.600 %
          ElmMassFraction:   1.28 %  ElmAbundance   0.47 % 


 Material:    G4_Ar    density:  1.662 mg/cm3  RadL: 117.621 m    Nucl.Int.Length: 719.888 m  
                       Imean: 188.000 eV   temperature: 293.15 K  pressure:   1.00 atm

   --->  Element: Ar (Ar)   Z = 18.0   N =    40   A = 39.948 g/mole
         --->  Isotope:  Ar36   Z = 18   N =  36   A =  35.97 g/mole   abundance:  0.337 %
         --->  Isotope:  Ar38   Z = 18   N =  38   A =  37.96 g/mole   abundance:  0.063 %
         --->  Isotope:  Ar40   Z = 18   N =  40   A =  39.96 g/mole   abundance: 99.600 %
          ElmMassFraction: 100.00 %  ElmAbundance 100.00 % 


 Material: G4_PLASTIC_SC_VINYLTOLUENE    density:  1.032 g/cm3   RadL:  42.544 cm   Nucl.Int.Length:  69.969 cm 
                       Imean:  64.700 eV   temperature: 293.15 K  pressure:   1.00 atm

   --->  Element: C (C)   Z =  6.0   N =    12   A = 12.011 g/mole
         --->  Isotope:   C12   Z =  6   N =  12   A =  12.00 g/mole   abundance: 98.930 %
         --->  Isotope:   C13   Z =  6   N =  13   A =  13.00 g/mole   abundance:  1.070 %
          ElmMassFraction:  91.47 %  ElmAbundance  47.37 % 

   --->  Element: H (H)   Z =  1.0   N =     1   A =  1.008 g/mole
         --->  Isotope:    H1   Z =  1   N =   1   A =   1.01 g/mole   abundance: 99.989 %
         --->  Isotope:    H2   Z =  1   N =   2   A =   2.01 g/mole   abundance:  0.011 %
          ElmMassFraction:   8.53 %  ElmAbundance  52.63 % 


 Material: G4_CESIUM_IODIDE    density:  4.510 g/cm3   RadL:   1.860 cm   Nucl.Int.Length:  39.306 cm 
                       Imean: 553.100 eV   temperature: 293.15 K  pressure:   1.00 atm

   --->  Element: Cs (Cs)   Z = 55.0   N =   133   A = 132.905 g/mole
         --->  Isotope: Cs133   Z = 55   N = 133   A = 132.91 g/mole   abundance: 100.000 %
          ElmMassFraction:  51.15 %  ElmAbundance  50.00 % 

   --->  Element: I (I)   Z = 53.0   N =   127   A = 126.904 g/mole
         --->  Isotope:  I127   Z = 53   N = 127   A = 126.90 g/mole   abundance: 100.000 %
          ElmMassFraction:  48.85 %  ElmAbundance  50.00 % 


 Material:    G4_Pb    density: 11.350 g/cm3   RadL:   5.613 mm   Nucl.Int.Length:  18.248 cm 
                       Imean: 823.000 eV   temperature: 293.15 K  pressure:   1.00 atm

   --->  Element: Pb (Pb)   Z = 82.0   N =   207   A = 207.217 g/mole
         --->  Isotope: Pb204   Z = 82   N = 204   A = 203.97 g/mole   abundance:  1.400 %
         --->  Isotope: Pb206   Z = 82   N = 206   A = 205.97 g/mole   abundance: 24.100 %
         --->  Isotope: Pb207   Z = 82   N = 207   A = 206.98 g/mole   abundance: 22.100 %
         --->  Isotope: Pb208   Z = 82   N = 208   A = 207.98 g/mole   abundance: 52.400 %
          ElmMassFraction: 100.00 %  ElmAbundance 100.00 % 



Checking overlaps for volume magneticPhysical:0 (G4Tubs) ... OK! 
Checking overlaps for volume firstArmPhysical:0 (G4Box) ... OK! 
Checking overlaps for volume fSecondArmPhys:0 (G4Box) ... OK! 
Checking overlaps for volume hodoscope1Physical:0 (G4Box) ... OK! 
Checking overlaps for volume hodoscope1Physical:1 (G4Box) ... OK! 
Checking overlaps for volume hodoscope1Physical:2 (G4Box) ... OK! 
Checking overlaps for volume hodoscope1Physical:3 (G4Box) ... OK! 
Checking overlaps for volume hodoscope1Physical:4 (G4Box) ... OK! 
Checking overlaps for volume hodoscope1Physical:5 (G4Box) ... OK! 
Checking overlaps for volume hodoscope1Physical:6 (G4Box) ... OK! 
Checking overlaps for volume hodoscope1Physical:7 (G4Box) ... OK! 
Checking overlaps for volume hodoscope1Physical:8 (G4Box) ... OK! 
Checking overlaps for volume hodoscope1Physical:9 (G4Box) ... OK! 
Checking overlaps for volume hodoscope1Physical:10 (G4Box) ... OK! 
Checking overlaps for volume hodoscope1Physical:11 (G4Box) ... OK! 
Checking overlaps for volume hodoscope1Physical:12 (G4Box) ... OK! 
Checking overlaps for volume hodoscope1Physical:13 (G4Box) ... OK! 
Checking overlaps for volume hodoscope1Physical:14 (G4Box) ... OK! 
Checking overlaps for volume chamber1Physical:0 (G4Box) ... OK! 
Checking overlaps for volume chamber1Physical:1 (G4Box) ... OK! 
Checking overlaps for volume chamber1Physical:2 (G4Box) ... OK! 
Checking overlaps for volume chamber1Physical:3 (G4Box) ... OK! 
Checking overlaps for volume chamber1Physical:4 (G4Box) ... OK! 
Checking overlaps for volume wirePlane1Physical:0 (G4Box) ... OK! 
Checking overlaps for volume hodoscope2Physical:0 (G4Box) ... OK! 
Checking overlaps for volume hodoscope2Physical:1 (G4Box) ... OK! 
Checking overlaps for volume hodoscope2Physical:2 (G4Box) ... OK! 
Checking overlaps for volume hodoscope2Physical:3 (G4Box) ... OK! 
Checking overlaps for volume hodoscope2Physical:4 (G4Box) ... OK! 
Checking overlaps for volume hodoscope2Physical:5 (G4Box) ... OK! 
Checking overlaps for volume hodoscope2Physical:6 (G4Box) ... OK! 
Checking overlaps for volume hodoscope2Physical:7 (G4Box) ... OK! 
Checking overlaps for volume hodoscope2Physical:8 (G4Box) ... OK! 
Checking overlaps for volume hodoscope2Physical:9 (G4Box) ... OK! 
Checking overlaps for volume hodoscope2Physical:10 (G4Box) ... OK! 
Checking overlaps for volume hodoscope2Physical:11 (G4Box) ... OK! 
Checking overlaps for volume hodoscope2Physical:12 (G4Box) ... OK! 
Checking overlaps for volume hodoscope2Physical:13 (G4Box) ... OK! 
Checking overlaps for volume hodoscope2Physical:14 (G4Box) ... OK! 
Checking overlaps for volume hodoscope2Physical:15 (G4Box) ... OK! 
Checking overlaps for volume hodoscope2Physical:16 (G4Box) ... OK! 
Checking overlaps for volume hodoscope2Physical:17 (G4Box) ... OK! 
Checking overlaps for volume hodoscope2Physical:18 (G4Box) ... OK! 
Checking overlaps for volume hodoscope2Physical:19 (G4Box) ... OK! 
Checking overlaps for volume hodoscope2Physical:20 (G4Box) ... OK! 
Checking overlaps for volume hodoscope2Physical:21 (G4Box) ... OK! 
Checking overlaps for volume hodoscope2Physical:22 (G4Box) ... OK! 
Checking overlaps for volume hodoscope2Physical:23 (G4Box) ... OK! 
Checking overlaps for volume hodoscope2Physical:24 (G4Box) ... OK! 
Checking overlaps for volume chamber2Physical:0 (G4Box) ... OK! 
Checking overlaps for volume chamber2Physical:1 (G4Box) ... OK! 
Checking overlaps for volume chamber2Physical:2 (G4Box) ... OK! 
Checking overlaps for volume chamber2Physical:3 (G4Box) ... OK! 
Checking overlaps for volume chamber2Physical:4 (G4Box) ... OK! 
Checking overlaps for volume wirePlane2Physical:0 (G4Box) ... OK! 
Checking overlaps for volume EMcalorimeterPhysical:0 (G4Box) ... OK! 
Checking overlaps for volume HadCalorimeterPhysical:0 (G4Box) ... OK! 
Checking overlaps for volume HadCalScintiPhysical:0 (G4Box) ... OK! 
 G4ChordFinder: stepperDriverId: 2

 hInelastic FTFP_BERT : threshold between BERT and FTFP is over the interval 
 for pions :   3 to 6 GeV
 for kaons :   3 to 6 GeV
 for proton :  3 to 6 GeV
 for neutron : 3 to 6 GeV

### Adding tracking cuts for neutron  TimeCut(ns)= 10000  KinEnergyCut(MeV)= 0
=======================================================================
======                 Electromagnetic Physics Parameters      ========
=======================================================================
LPM effect enabled                                 1
Enable creation and use of sampling tables         0
Apply cuts on all EM processes                     0
Use combined TransportationWithMsc                 Disabled
Use general process                                1
Enable linear polarisation for gamma               0
Enable photoeffect sampling below K-shell          1
Enable sampling of quantum entanglement            0
X-section factor for integral approach             0.8
Min kinetic energy for tables                      100 eV 
Max kinetic energy for tables                      100 TeV
Number of bins per decade of a table               7
Verbose level                                      1
Verbose level for worker thread                    0
Bremsstrahlung energy threshold above which 
  primary e+- is added to the list of secondary    100 TeV
Bremsstrahlung energy threshold above which primary
  muon/hadron is added to the list of secondary    100 TeV
Positron annihilation at rest model                SimplePositronium
Enable 3 gamma annihilation on fly                 0
Lowest triplet kinetic energy                      1 MeV
Enable sampling of gamma linear polarisation       0
5D gamma conversion model type                     0
5D gamma conversion model on isolated ion          0
Use RiGe 5D e+e- pair production model by muons    0
Livermore data directory                           epics_2017
=======================================================================
======                 Ionisation Parameters                   ========
=======================================================================
Step function for e+-                              (0.2, 1 mm)
Step function for muons/hadrons                    (0.2, 0.1 mm)
Step function for light ions                       (0.2, 0.1 mm)
Step function for general ions                     (0.2, 0.1 mm)
Lowest e+e- kinetic energy                         1 keV
Lowest muon/hadron kinetic energy                  1 keV
Use ICRU90 data                                    0
Fluctuations of dE/dx are enabled                  1
Type of fluctuation model for leptons and hadrons  Urban
Use built-in Birks saturation                      0
Build CSDA range enabled                           0
Use cut as a final range enabled                   0
Enable angular generator interface                 0
Max kinetic energy for CSDA tables                 1 GeV
Max kinetic energy for NIEL computation            0 eV 
Linear loss limit                                  0.01
Read data from file for e+e- pair production by mu 0
=======================================================================
======                 Multiple Scattering Parameters          ========
=======================================================================
Type of msc step limit algorithm for e+-           1
Type of msc step limit algorithm for muons/hadrons 0
Msc lateral displacement for e+- enabled           1
Msc lateral displacement for muons and hadrons     0
Urban msc model lateral displacement alg96         1
Range factor for msc step limit for e+-            0.04
Range factor for msc step limit for muons/hadrons  0.2
Geometry factor for msc step limitation of e+-     2.5
Safety factor for msc step limit for e+-           0.6
Skin parameter for msc step limitation of e+-      1
Lambda limit for msc step limit for e+-            1 mm
Use Mott correction for e- scattering              0
Factor used for dynamic computation of angular 
  limit between single and multiple scattering     1
Fixed angular limit between single 
  and multiple scattering                          3.1416 rad
Upper energy limit for e+- multiple scattering     100 MeV
Type of electron single scattering model           0
Type of nuclear form-factor                        1
Screening factor                                   1
=======================================================================

phot:  for gamma SubType=12 BuildTable=0
      LambdaPrime table from 200 keV to 100 TeV in 61 bins 
      ===== EM models for the G4Region  DefaultRegionForTheWorld ======
 LivermorePhElectric : Emin=    0 eV  Emax=  100 TeV  SauterGavrila Fluo

compt:  for gamma SubType=13 BuildTable=1
      Lambda table from 100 eV  to 1 MeV, 7 bins/decade, spline: 1
      LambdaPrime table from 1 MeV to 100 TeV in 56 bins 
      ===== EM models for the G4Region  DefaultRegionForTheWorld ======
       Klein-Nishina : Emin=    0 eV  Emax=  100 TeV

conv:  for gamma SubType=14 BuildTable=1
      Lambda table from 1.022 MeV to 100 TeV, 18 bins/decade, spline: 1
      ===== EM models for the G4Region  DefaultRegionForTheWorld ======
     BetheHeitlerLPM : Emin=    0 eV  Emax=  100 TeV  ModifiedTsai

Rayl:  for gamma SubType=11 BuildTable=1
      Lambda table from 100 eV  to 150 keV, 7 bins/decade, spline: 0
      LambdaPrime table from 150 keV to 100 TeV in 62 bins 
      ===== EM models for the G4Region  DefaultRegionForTheWorld ======
   LivermoreRayleigh : Emin=    0 eV  Emax=  100 TeV  CullenGenerator

msc:  for e-  SubType= 10
      ===== EM models for the G4Region  DefaultRegionForTheWorld ======
            UrbanMsc : Emin=    0 eV  Emax=  100 MeV Nbins=42 100 eV  - 100 MeV
          StepLim=UseSafety Rfact=0.04 Gfact=2.5 Sfact=0.6 DispFlag:1 Skin=1 Llim=1 mm
        WentzelVIUni : Emin=  100 MeV Emax=  100 TeV Nbins=42 100 MeV - 100 TeV
          StepLim=UseSafety Rfact=0.04 Gfact=2.5 Sfact=0.6 DispFlag:1 Skin=1 Llim=1 mm

eIoni:  for e-  XStype:3  SubType=2
      dE/dx and range tables from 100 eV  to 100 TeV in 84 bins
      Lambda tables from threshold to 100 TeV, 7 bins/decade, spline: 1
      StepFunction=(0.2, 1 mm), integ: 3, fluct: 1, linLossLim= 0.01
      ===== EM models for the G4Region  DefaultRegionForTheWorld ======
        MollerBhabha : Emin=    0 eV  Emax=  100 TeV

eBrem:  for e-  XStype:4  SubType=3
      dE/dx and range tables from 100 eV  to 100 TeV in 84 bins
      Lambda tables from threshold to 100 TeV, 7 bins/decade, spline: 1
      LPM flag: 1 for E > 1 GeV,  VertexHighEnergyTh(GeV)= 100000
      ===== EM models for the G4Region  DefaultRegionForTheWorld ======
             eBremSB : Emin=    0 eV  Emax=    1 GeV  ModifiedTsai
            eBremLPM : Emin=    1 GeV Emax=  100 TeV  ModifiedTsai

CoulombScat:  for e- XStype:1 SubType=1 BuildTable=1
      Lambda table from 100 MeV to 100 TeV, 7 bins/decade, spline: 0
      ThetaMin(p) < Theta(degree) < 180, pLimit(GeV^1)= 0.139531
      ===== EM models for the G4Region  DefaultRegionForTheWorld ======
  eCoulombScattering : Emin=  100 MeV Emax=  100 TeV

msc:  for e+  SubType= 10
      ===== EM models for the G4Region  DefaultRegionForTheWorld ======
            UrbanMsc : Emin=    0 eV  Emax=  100 MeV Nbins=42 100 eV  - 100 MeV
          StepLim=UseSafety Rfact=0.04 Gfact=2.5 Sfact=0.6 DispFlag:1 Skin=1 Llim=1 mm
        WentzelVIUni : Emin=  100 MeV Emax=  100 TeV Nbins=42 100 MeV - 100 TeV
          StepLim=UseSafety Rfact=0.04 Gfact=2.5 Sfact=0.6 DispFlag:1 Skin=1 Llim=1 mm

eIoni:  for e+  XStype:3  SubType=2
      dE/dx and range tables from 100 eV  to 100 TeV in 84 bins
      Lambda tables from threshold to 100 TeV, 7 bins/decade, spline: 1
      StepFunction=(0.2, 1 mm), integ: 3, fluct: 1, linLossLim= 0.01
      ===== EM models for the G4Region  DefaultRegionForTheWorld ======
        MollerBhabha : Emin=    0 eV  Emax=  100 TeV

eBrem:  for e+  XStype:4  SubType=3
      dE/dx and range tables from 100 eV  to 100 TeV in 84 bins
      Lambda tables from threshold to 100 TeV, 7 bins/decade, spline: 1
      LPM flag: 1 for E > 1 GeV,  VertexHighEnergyTh(GeV)= 100000
      ===== EM models for the G4Region  DefaultRegionForTheWorld ======
             eBremSB : Emin=    0 eV  Emax=    1 GeV  ModifiedTsai
            eBremLPM : Emin=    1 GeV Emax=  100 TeV  ModifiedTsai

annihil:  for e+ XStype:2 SubType=5 AtRestModel:Simple BuildTable=0
      ===== EM models for the G4Region  DefaultRegionForTheWorld ======
            eplus2gg : Emin=    0 eV  Emax=  100 TeV

CoulombScat:  for e+ XStype:1 SubType=1 BuildTable=1
      Lambda table from 100 MeV to 100 TeV, 7 bins/decade, spline: 0
      ThetaMin(p) < Theta(degree) < 180, pLimit(GeV^1)= 0.139531
      ===== EM models for the G4Region  DefaultRegionForTheWorld ======
  eCoulombScattering : Emin=  100 MeV Emax=  100 TeV

msc:  for proton  SubType= 10
      ===== EM models for the G4Region  DefaultRegionForTheWorld ======
        WentzelVIUni : Emin=    0 eV  Emax=  100 TeV Nbins=84 100 eV  - 100 TeV
          StepLim=Minimal Rfact=0.2 Gfact=2.5 Sfact=0.6 DispFlag:0 Skin=1 Llim=1 mm

hIoni:  for proton  XStype:3  SubType=2
      dE/dx and range tables from 100 eV  to 100 TeV in 84 bins
      Lambda tables from threshold to 100 TeV, 7 bins/decade, spline: 1
      StepFunction=(0.2, 0.1 mm), integ: 3, fluct: 1, linLossLim= 0.01
      ===== EM models for the G4Region  DefaultRegionForTheWorld ======
               Bragg : Emin=    0 eV  Emax=    2 MeV
          BetheBloch : Emin=    2 MeV Emax=  100 TeV

hBrems:  for proton  XStype:1  SubType=3
      dE/dx and range tables from 100 eV  to 100 TeV in 84 bins
      Lambda tables from threshold to 100 TeV, 7 bins/decade, spline: 1
      ===== EM models for the G4Region  DefaultRegionForTheWorld ======
               hBrem : Emin=    0 eV  Emax=  100 TeV  ModifiedMephi

hPairProd:  for proton  XStype:1  SubType=4
      dE/dx and range tables from 100 eV  to 100 TeV in 84 bins
      Lambda tables from threshold to 100 TeV, 7 bins/decade, spline: 1
      Sampling table 17x1001, from 7.50618 GeV to 100 TeV 
      ===== EM models for the G4Region  DefaultRegionForTheWorld ======
           hPairProd : Emin=    0 eV  Emax=  100 TeV  ModifiedMephi

CoulombScat:  for proton XStype:1 SubType=1 BuildTable=1
      Lambda table from threshold  to 100 TeV, 7 bins/decade, spline: 0
      ThetaMin(p) < Theta(degree) < 180, pLimit(GeV^1)= 0.139531
      ===== EM models for the G4Region  DefaultRegionForTheWorld ======
  eCoulombScattering : Emin=    0 eV  Emax=  100 TeV

msc:  for GenericIon  SubType= 10
      ===== EM models for the G4Region  DefaultRegionForTheWorld ======
            UrbanMsc : Emin=    0 eV  Emax=  100 TeV
          StepLim=Minimal Rfact=0.2 Gfact=2.5 Sfact=0.6 DispFlag:0 Skin=1 Llim=1 mm

ionIoni:  for GenericIon  XStype:3  SubType=2
      dE/dx and range tables from 100 eV  to 100 TeV in 84 bins
      Lambda tables from threshold to 100 TeV, 7 bins/decade, spline: 1
      StepFunction=(0.2, 0.1 mm), integ: 3, fluct: 1, linLossLim= 0.02
      ===== EM models for the G4Region  DefaultRegionForTheWorld ======
               Bragg : Emin=    0 eV  Emax=    2 MeV
          BetheBloch : Emin=    2 MeV Emax=  100 TeV

msc:  for alpha  SubType= 10
      ===== EM models for the G4Region  DefaultRegionForTheWorld ======
            UrbanMsc : Emin=    0 eV  Emax=  100 TeV
          StepLim=Minimal Rfact=0.2 Gfact=2.5 Sfact=0.6 DispFlag:0 Skin=1 Llim=1 mm

ionIoni:  for alpha  XStype:3  SubType=2
      dE/dx and range tables from 100 eV  to 100 TeV in 84 bins
      Lambda tables from threshold to 100 TeV, 7 bins/decade, spline: 1
      StepFunction=(0.2, 0.1 mm), integ: 3, fluct: 1, linLossLim= 0.02
      ===== EM models for the G4Region  DefaultRegionForTheWorld ======
            BraggIon : Emin=    0 eV  Emax=7.9452 MeV
          BetheBloch : Emin=7.9452 MeV Emax=  100 TeV

msc:  for anti_proton  SubType= 10
      ===== EM models for the G4Region  DefaultRegionForTheWorld ======
        WentzelVIUni : Emin=    0 eV  Emax=  100 TeV Nbins=84 100 eV  - 100 TeV
          StepLim=Minimal Rfact=0.2 Gfact=2.5 Sfact=0.6 DispFlag:0 Skin=1 Llim=1 mm

hIoni:  for anti_proton  XStype:3  SubType=2
      dE/dx and range tables from 100 eV  to 100 TeV in 84 bins
      Lambda tables from threshold to 100 TeV, 7 bins/decade, spline: 1
      StepFunction=(0.2, 0.1 mm), integ: 3, fluct: 1, linLossLim= 0.01
      ===== EM models for the G4Region  DefaultRegionForTheWorld ======
            ICRU73QO : Emin=    0 eV  Emax=    2 MeV
          BetheBloch : Emin=    2 MeV Emax=  100 TeV

hBrems:  for anti_proton  XStype:1  SubType=3
      dE/dx and range tables from 100 eV  to 100 TeV in 84 bins
      Lambda tables from threshold to 100 TeV, 7 bins/decade, spline: 1
      ===== EM models for the G4Region  DefaultRegionForTheWorld ======
               hBrem : Emin=    0 eV  Emax=  100 TeV  ModifiedMephi

hPairProd:  for anti_proton  XStype:1  SubType=4
      dE/dx and range tables from 100 eV  to 100 TeV in 84 bins
      Lambda tables from threshold to 100 TeV, 7 bins/decade, spline: 1
      Sampling table 17x1001, from 7.50618 GeV to 100 TeV 
      ===== EM models for the G4Region  DefaultRegionForTheWorld ======
           hPairProd : Emin=    0 eV  Emax=  100 TeV  ModifiedMephi

CoulombScat:  for anti_proton XStype:1 SubType=1 BuildTable=1
      Lambda table from threshold  to 100 TeV, 7 bins/decade, spline: 0
      ThetaMin(p) < Theta(degree) < 180, pLimit(GeV^1)= 0.139531
      ===== EM models for the G4Region  DefaultRegionForTheWorld ======
  eCoulombScattering : Emin=    0 eV  Emax=  100 TeV

msc:  for kaon+  SubType= 10
      ===== EM models for the G4Region  DefaultRegionForTheWorld ======
        WentzelVIUni : Emin=    0 eV  Emax=  100 TeV Nbins=84 100 eV  - 100 TeV
          StepLim=Minimal Rfact=0.2 Gfact=2.5 Sfact=0.6 DispFlag:0 Skin=1 Llim=1 mm

hIoni:  for kaon+  XStype:3  SubType=2
      dE/dx and range tables from 100 eV  to 100 TeV in 84 bins
      Lambda tables from threshold to 100 TeV, 7 bins/decade, spline: 1
      StepFunction=(0.2, 0.1 mm), integ: 3, fluct: 1, linLossLim= 0.01
      ===== EM models for the G4Region  DefaultRegionForTheWorld ======
               Bragg : Emin=    0 eV  Emax=1.05231 MeV
          BetheBloch : Emin=1.05231 MeV Emax=  100 TeV

hBrems:  for kaon+  XStype:1  SubType=3
      dE/dx and range tables from 100 eV  to 100 TeV in 84 bins
      Lambda tables from threshold to 100 TeV, 7 bins/decade, spline: 1
      ===== EM models for the G4Region  DefaultRegionForTheWorld ======
               hBrem : Emin=    0 eV  Emax=  100 TeV  ModifiedMephi

hPairProd:  for kaon+  XStype:1  SubType=4
      dE/dx and range tables from 100 eV  to 100 TeV in 84 bins
      Lambda tables from threshold to 100 TeV, 7 bins/decade, spline: 1
      Sampling table 18x1001, from 3.94942 GeV to 100 TeV 
      ===== EM models for the G4Region  DefaultRegionForTheWorld ======
           hPairProd : Emin=    0 eV  Emax=  100 TeV  ModifiedMephi

CoulombScat:  for kaon+ XStype:1 SubType=1 BuildTable=1
      Lambda table from threshold  to 100 TeV, 7 bins/decade, spline: 0
      ThetaMin(p) < Theta(degree) < 180, pLimit(GeV^1)= 0.139531
      ===== EM models for the G4Region  DefaultRegionForTheWorld ======
  eCoulombScattering : Emin=    0 eV  Emax=  100 TeV

msc:  for kaon-  SubType= 10
      ===== EM models for the G4Region  DefaultRegionForTheWorld ======
        WentzelVIUni : Emin=    0 eV  Emax=  100 TeV Nbins=84 100 eV  - 100 TeV
          StepLim=Minimal Rfact=0.2 Gfact=2.5 Sfact=0.6 DispFlag:0 Skin=1 Llim=1 mm

hIoni:  for kaon-  XStype:3  SubType=2
      dE/dx and range tables from 100 eV  to 100 TeV in 84 bins
      Lambda tables from threshold to 100 TeV, 7 bins/decade, spline: 1
      StepFunction=(0.2, 0.1 mm), integ: 3, fluct: 1, linLossLim= 0.01
      ===== EM models for the G4Region  DefaultRegionForTheWorld ======
            ICRU73QO : Emin=    0 eV  Emax=1.05231 MeV
          BetheBloch : Emin=1.05231 MeV Emax=  100 TeV

hBrems:  for kaon-  XStype:1  SubType=3
      dE/dx and range tables from 100 eV  to 100 TeV in 84 bins
      Lambda tables from threshold to 100 TeV, 7 bins/decade, spline: 1
      ===== EM models for the G4Region  DefaultRegionForTheWorld ======
               hBrem : Emin=    0 eV  Emax=  100 TeV  ModifiedMephi

hPairProd:  for kaon-  XStype:1  SubType=4
      dE/dx and range tables from 100 eV  to 100 TeV in 84 bins
      Lambda tables from threshold to 100 TeV, 7 bins/decade, spline: 1
      Sampling table 18x1001, from 3.94942 GeV to 100 TeV 
      ===== EM models for the G4Region  DefaultRegionForTheWorld ======
           hPairProd : Emin=    0 eV  Emax=  100 TeV  ModifiedMephi

CoulombScat:  for kaon- XStype:1 SubType=1 BuildTable=1
      Used Lambda table of kaon+
      ThetaMin(p) < Theta(degree) < 180, pLimit(GeV^1)= 0.139531
      ===== EM models for the G4Region  DefaultRegionForTheWorld ======
  eCoulombScattering : Emin=    0 eV  Emax=  100 TeV

msc:  for mu+  SubType= 10
      ===== EM models for the G4Region  DefaultRegionForTheWorld ======
        WentzelVIUni : Emin=    0 eV  Emax=  100 TeV Nbins=84 100 eV  - 100 TeV
          StepLim=Minimal Rfact=0.2 Gfact=2.5 Sfact=0.6 DispFlag:0 Skin=1 Llim=1 mm

muIoni:  for mu+  XStype:3  SubType=2
      dE/dx and range tables from 100 eV  to 100 TeV in 84 bins
      Lambda tables from threshold to 100 TeV, 7 bins/decade, spline: 1
      StepFunction=(0.2, 0.1 mm), integ: 3, fluct: 1, linLossLim= 0.01
      ===== EM models for the G4Region  DefaultRegionForTheWorld ======
               Bragg : Emin=    0 eV  Emax=  200 keV
        MuBetheBloch : Emin=  200 keV Emax=  100 TeV

muBrems:  for mu+  XStype:1  SubType=3
      dE/dx and range tables from 100 eV  to 100 TeV in 84 bins
      Lambda tables from threshold to 100 TeV, 7 bins/decade, spline: 1
      ===== EM models for the G4Region  DefaultRegionForTheWorld ======
              MuBrem : Emin=    0 eV  Emax=  100 TeV  ModifiedMephi

muPairProd:  for mu+  XStype:1  SubType=4
      dE/dx and range tables from 100 eV  to 100 TeV in 84 bins
      Lambda tables from threshold to 100 TeV, 7 bins/decade, spline: 1
      Sampling table 21x1001, from 0.85 GeV to 100 TeV 
      ===== EM models for the G4Region  DefaultRegionForTheWorld ======
          muPairProd : Emin=    0 eV  Emax=  100 TeV  ModifiedMephi

CoulombScat:  for mu+ XStype:1 SubType=1 BuildTable=1
      Lambda table from threshold  to 100 TeV, 7 bins/decade, spline: 0
      ThetaMin(p) < Theta(degree) < 180, pLimit(GeV^1)= 0.139531
      ===== EM models for the G4Region  DefaultRegionForTheWorld ======
  eCoulombScattering : Emin=    0 eV  Emax=  100 TeV

msc:  for mu-  SubType= 10
      ===== EM models for the G4Region  DefaultRegionForTheWorld ======
        WentzelVIUni : Emin=    0 eV  Emax=  100 TeV Nbins=84 100 eV  - 100 TeV
          StepLim=Minimal Rfact=0.2 Gfact=2.5 Sfact=0.6 DispFlag:0 Skin=1 Llim=1 mm

muIoni:  for mu-  XStype:3  SubType=2
      dE/dx and range tables from 100 eV  to 100 TeV in 84 bins
      Lambda tables from threshold to 100 TeV, 7 bins/decade, spline: 1
      StepFunction=(0.2, 0.1 mm), integ: 3, fluct: 1, linLossLim= 0.01
      ===== EM models for the G4Region  DefaultRegionForTheWorld ======
            ICRU73QO : Emin=    0 eV  Emax=  200 keV
        MuBetheBloch : Emin=  200 keV Emax=  100 TeV

muBrems:  for mu-  XStype:1  SubType=3
      dE/dx and range tables from 100 eV  to 100 TeV in 84 bins
      Lambda tables from threshold to 100 TeV, 7 bins/decade, spline: 1
      ===== EM models for the G4Region  DefaultRegionForTheWorld ======
              MuBrem : Emin=    0 eV  Emax=  100 TeV  ModifiedMephi

muPairProd:  for mu-  XStype:1  SubType=4
      dE/dx and range tables from 100 eV  to 100 TeV in 84 bins
      Lambda tables from threshold to 100 TeV, 7 bins/decade, spline: 1
      Sampling table 21x1001, from 0.85 GeV to 100 TeV 
      ===== EM models for the G4Region  DefaultRegionForTheWorld ======
          muPairProd : Emin=    0 eV  Emax=  100 TeV  ModifiedMephi

CoulombScat:  for mu- XStype:1 SubType=1 BuildTable=1
      Used Lambda table of mu+
      ThetaMin(p) < Theta(degree) < 180, pLimit(GeV^1)= 0.139531
      ===== EM models for the G4Region  DefaultRegionForTheWorld ======
  eCoulombScattering : Emin=    0 eV  Emax=  100 TeV

msc:  for pi+  SubType= 10
      ===== EM models for the G4Region  DefaultRegionForTheWorld ======
        WentzelVIUni : Emin=    0 eV  Emax=  100 TeV Nbins=84 100 eV  - 100 TeV
          StepLim=Minimal Rfact=0.2 Gfact=2.5 Sfact=0.6 DispFlag:0 Skin=1 Llim=1 mm

hIoni:  for pi+  XStype:3  SubType=2
      dE/dx and range tables from 100 eV  to 100 TeV in 84 bins
      Lambda tables from threshold to 100 TeV, 7 bins/decade, spline: 1
      StepFunction=(0.2, 0.1 mm), integ: 3, fluct: 1, linLossLim= 0.01
      ===== EM models for the G4Region  DefaultRegionForTheWorld ======
               Bragg : Emin=    0 eV  Emax=297.505 keV
          BetheBloch : Emin=297.505 keV Emax=  100 TeV

hBrems:  for pi+  XStype:1  SubType=3
      dE/dx and range tables from 100 eV  to 100 TeV in 84 bins
      Lambda tables from threshold to 100 TeV, 7 bins/decade, spline: 1
      ===== EM models for the G4Region  DefaultRegionForTheWorld ======
               hBrem : Emin=    0 eV  Emax=  100 TeV  ModifiedMephi

hPairProd:  for pi+  XStype:1  SubType=4
      dE/dx and range tables from 100 eV  to 100 TeV in 84 bins
      Lambda tables from threshold to 100 TeV, 7 bins/decade, spline: 1
      Sampling table 20x1001, from 1.11656 GeV to 100 TeV 
      ===== EM models for the G4Region  DefaultRegionForTheWorld ======
           hPairProd : Emin=    0 eV  Emax=  100 TeV  ModifiedMephi

CoulombScat:  for pi+ XStype:1 SubType=1 BuildTable=1
      Lambda table from threshold  to 100 TeV, 7 bins/decade, spline: 0
      ThetaMin(p) < Theta(degree) < 180, pLimit(GeV^1)= 0.139531
      ===== EM models for the G4Region  DefaultRegionForTheWorld ======
  eCoulombScattering : Emin=    0 eV  Emax=  100 TeV

msc:  for pi-  SubType= 10
      ===== EM models for the G4Region  DefaultRegionForTheWorld ======
        WentzelVIUni : Emin=    0 eV  Emax=  100 TeV Nbins=84 100 eV  - 100 TeV
          StepLim=Minimal Rfact=0.2 Gfact=2.5 Sfact=0.6 DispFlag:0 Skin=1 Llim=1 mm

hIoni:  for pi-  XStype:3  SubType=2
      dE/dx and range tables from 100 eV  to 100 TeV in 84 bins
      Lambda tables from threshold to 100 TeV, 7 bins/decade, spline: 1
      StepFunction=(0.2, 0.1 mm), integ: 3, fluct: 1, linLossLim= 0.01
      ===== EM models for the G4Region  DefaultRegionForTheWorld ======
            ICRU73QO : Emin=    0 eV  Emax=297.505 keV
          BetheBloch : Emin=297.505 keV Emax=  100 TeV

hBrems:  for pi-  XStype:1  SubType=3
      dE/dx and range tables from 100 eV  to 100 TeV in 84 bins
      Lambda tables from threshold to 100 TeV, 7 bins/decade, spline: 1
      ===== EM models for the G4Region  DefaultRegionForTheWorld ======
               hBrem : Emin=    0 eV  Emax=  100 TeV  ModifiedMephi

hPairProd:  for pi-  XStype:1  SubType=4
      dE/dx and range tables from 100 eV  to 100 TeV in 84 bins
      Lambda tables from threshold to 100 TeV, 7 bins/decade, spline: 1
      Sampling table 20x1001, from 1.11656 GeV to 100 TeV 
      ===== EM models for the G4Region  DefaultRegionForTheWorld ======
           hPairProd : Emin=    0 eV  Emax=  100 TeV  ModifiedMephi

CoulombScat:  for pi- XStype:1 SubType=1 BuildTable=1
      Used Lambda table of pi+
      ThetaMin(p) < Theta(degree) < 180, pLimit(GeV^1)= 0.139531
      ===== EM models for the G4Region  DefaultRegionForTheWorld ======
  eCoulombScattering : Emin=    0 eV  Emax=  100 TeV

====================================================================
                  HADRONIC PROCESSES SUMMARY (verbose level 1)
-----------------------------------------------------------------------
                           Hadronic Processes for neutron
  Process: hadElastic
        Model:             hElasticCHIPS: 0 eV  ---> 100 TeV
     Cr_sctns:        G4NeutronElasticXS: 0 eV  ---> 100 TeV
  Process: neutronInelastic
        Model:                      FTFP: 3 GeV ---> 100 TeV
        Model:            BertiniCascade: 0 eV  ---> 6 GeV
     Cr_sctns:      G4NeutronInelasticXS: 0 eV  ---> 100 TeV
  Process: nCapture
        Model:               nRadCapture: 0 eV  ---> 100 TeV
     Cr_sctns:        G4NeutronCaptureXS: 0 eV  ---> 100 TeV
  Process: nKiller
-----------------------------------------------------------------------
                           Hadronic Processes for B-
  Process: hadElastic
        Model:              hElasticLHEP: 0 eV  ---> 100 TeV
     Cr_sctns:            Glauber-Gribov: 0 eV  ---> 100 TeV
  Process: B-Inelastic
        Model:                      FTFP: 0 eV  ---> 100 TeV
     Cr_sctns:            Glauber-Gribov: 0 eV  ---> 100 TeV
-----------------------------------------------------------------------
                           Hadronic Processes for D-
  Process: hadElastic
        Model:              hElasticLHEP: 0 eV  ---> 100 TeV
     Cr_sctns:            Glauber-Gribov: 0 eV  ---> 100 TeV
  Process: D-Inelastic
        Model:                      FTFP: 0 eV  ---> 100 TeV
     Cr_sctns:            Glauber-Gribov: 0 eV  ---> 100 TeV
-----------------------------------------------------------------------
                           Hadronic Processes for GenericIon
  Process: ionInelastic
        Model:  Binary Light Ion Cascade: 0 eV /n ---> 6 GeV/n
        Model:                      FTFP: 3 GeV/n ---> 100 TeV/n
     Cr_sctns:  Glauber-Gribov Nucl-nucl: 0 eV  ---> 25.6 PeV
-----------------------------------------------------------------------
                           Hadronic Processes for He3
  Process: hadElastic
        Model:              hElasticLHEP: 0 eV /n ---> 100 TeV/n
     Cr_sctns:  Glauber-Gribov Nucl-nucl: 0 eV  ---> 25.6 PeV
  Process: He3Inelastic
        Model:  Binary Light Ion Cascade: 0 eV /n ---> 6 GeV/n
        Model:                      FTFP: 3 GeV/n ---> 100 TeV/n
     Cr_sctns:  Glauber-Gribov Nucl-nucl: 0 eV  ---> 25.6 PeV
-----------------------------------------------------------------------
                           Hadronic Processes for alpha
  Process: hadElastic
        Model:              hElasticLHEP: 0 eV /n ---> 100 TeV/n
     Cr_sctns:  Glauber-Gribov Nucl-nucl: 0 eV  ---> 25.6 PeV
  Process: alphaInelastic
        Model:  Binary Light Ion Cascade: 0 eV /n ---> 6 GeV/n
        Model:                      FTFP: 3 GeV/n ---> 100 TeV/n
     Cr_sctns:  Glauber-Gribov Nucl-nucl: 0 eV  ---> 25.6 PeV
-----------------------------------------------------------------------
                           Hadronic Processes for anti_He3
  Process: hadElastic
        Model:              hElasticLHEP: 0 eV /n ---> 100.1 MeV/n
        Model:              AntiAElastic: 100 MeV/n ---> 100 TeV/n
     Cr_sctns:              AntiAGlauber: 0 eV  ---> 25.6 PeV
  Process: anti_He3Inelastic
        Model:                      FTFP: 0 eV /n ---> 100 TeV/n
     Cr_sctns:              AntiAGlauber: 0 eV  ---> 25.6 PeV
  Process: hFritiofCaptureAtRest
-----------------------------------------------------------------------
                           Hadronic Processes for anti_alpha
  Process: hadElastic
        Model:              hElasticLHEP: 0 eV /n ---> 100.1 MeV/n
        Model:              AntiAElastic: 100 MeV/n ---> 100 TeV/n
     Cr_sctns:              AntiAGlauber: 0 eV  ---> 25.6 PeV
  Process: anti_alphaInelastic
        Model:                      FTFP: 0 eV /n ---> 100 TeV/n
     Cr_sctns:              AntiAGlauber: 0 eV  ---> 25.6 PeV
  Process: hFritiofCaptureAtRest
-----------------------------------------------------------------------
                           Hadronic Processes for anti_deuteron
  Process: hadElastic
        Model:              hElasticLHEP: 0 eV /n ---> 100.1 MeV/n
        Model:              AntiAElastic: 100 MeV/n ---> 100 TeV/n
     Cr_sctns:              AntiAGlauber: 0 eV  ---> 25.6 PeV
  Process: anti_deuteronInelastic
        Model:                      FTFP: 0 eV /n ---> 100 TeV/n
     Cr_sctns:              AntiAGlauber: 0 eV  ---> 25.6 PeV
  Process: hFritiofCaptureAtRest
-------------------------------------------------------------------------
                           Hadronic Processes for anti_hypertriton
  Process: hFritiofCaptureAtRest
-----------------------------------------------------------------------
                           Hadronic Processes for anti_lambda
  Process: hadElastic
        Model:              hElasticLHEP: 0 eV  ---> 100 TeV
     Cr_sctns:            Glauber-Gribov: 0 eV  ---> 100 TeV
  Process: anti_lambdaInelastic
        Model:                      FTFP: 0 eV  ---> 100 TeV
     Cr_sctns:            Glauber-Gribov: 0 eV  ---> 100 TeV
  Process: hFritiofCaptureAtRest
-----------------------------------------------------------------------
                           Hadronic Processes for anti_neutron
  Process: hadElastic
        Model:              hElasticLHEP: 0 eV  ---> 100.1 MeV
        Model:              AntiAElastic: 100 MeV ---> 100 TeV
     Cr_sctns:              AntiAGlauber: 0 eV  ---> 25.6 PeV
  Process: anti_neutronInelastic
        Model:                      FTFP: 0 eV  ---> 100 TeV
     Cr_sctns:              AntiAGlauber: 0 eV  ---> 25.6 PeV
  Process: hFritiofCaptureAtRest
-----------------------------------------------------------------------
                           Hadronic Processes for anti_proton
  Process: hadElastic
        Model:              hElasticLHEP: 0 eV  ---> 100.1 MeV
        Model:              AntiAElastic: 100 MeV ---> 100 TeV
     Cr_sctns:              AntiAGlauber: 0 eV  ---> 25.6 PeV
  Process: anti_protonInelastic
        Model:                      FTFP: 0 eV  ---> 100 TeV
     Cr_sctns:              AntiAGlauber: 0 eV  ---> 25.6 PeV
  Process: hFritiofCaptureAtRest
-----------------------------------------------------------------------
                           Hadronic Processes for anti_triton
  Process: hadElastic
        Model:              hElasticLHEP: 0 eV /n ---> 100.1 MeV/n
        Model:              AntiAElastic: 100 MeV/n ---> 100 TeV/n
     Cr_sctns:              AntiAGlauber: 0 eV  ---> 25.6 PeV
  Process: anti_tritonInelastic
        Model:                      FTFP: 0 eV /n ---> 100 TeV/n
     Cr_sctns:              AntiAGlauber: 0 eV  ---> 25.6 PeV
  Process: hFritiofCaptureAtRest
-----------------------------------------------------------------------
                           Hadronic Processes for deuteron
  Process: hadElastic
        Model:              hElasticLHEP: 0 eV /n ---> 100 TeV/n
     Cr_sctns:  Glauber-Gribov Nucl-nucl: 0 eV  ---> 25.6 PeV
  Process: dInelastic
        Model:  Binary Light Ion Cascade: 0 eV /n ---> 6 GeV/n
        Model:                      FTFP: 3 GeV/n ---> 100 TeV/n
     Cr_sctns:  Glauber-Gribov Nucl-nucl: 0 eV  ---> 25.6 PeV
-----------------------------------------------------------------------
                           Hadronic Processes for e+
  Process: positronNuclear
        Model:   G4ElectroVDNuclearModel: 0 eV  ---> 1 PeV
     Cr_sctns:          ElectroNuclearXS: 0 eV  ---> 100 TeV
-----------------------------------------------------------------------
                           Hadronic Processes for e-
  Process: electronNuclear
        Model:   G4ElectroVDNuclearModel: 0 eV  ---> 1 PeV
     Cr_sctns:          ElectroNuclearXS: 0 eV  ---> 100 TeV
-----------------------------------------------------------------------
                           Hadronic Processes for gamma
  Process: photonNuclear
        Model:               GammaNPreco: 0 eV  ---> 200 MeV
        Model:            BertiniCascade: 199 MeV ---> 6 GeV
        Model:           TheoFSGenerator: 3 GeV ---> 100 TeV
     Cr_sctns:            GammaNuclearXS: 0 eV  ---> 100 TeV
-----------------------------------------------------------------------
                           Hadronic Processes for kaon+
  Process: hadElastic
        Model:              hElasticLHEP: 0 eV  ---> 100 TeV
     Cr_sctns:            Glauber-Gribov: 0 eV  ---> 100 TeV
  Process: kaon+Inelastic
        Model:                      FTFP: 3 GeV ---> 100 TeV
        Model:            BertiniCascade: 0 eV  ---> 6 GeV
     Cr_sctns:            Glauber-Gribov: 0 eV  ---> 100 TeV
-----------------------------------------------------------------------
                           Hadronic Processes for kaon-
  Process: hadElastic
        Model:              hElasticLHEP: 0 eV  ---> 100 TeV
     Cr_sctns:            Glauber-Gribov: 0 eV  ---> 100 TeV
  Process: kaon-Inelastic
        Model:                      FTFP: 3 GeV ---> 100 TeV
        Model:            BertiniCascade: 0 eV  ---> 6 GeV
     Cr_sctns:            Glauber-Gribov: 0 eV  ---> 100 TeV
  Process: hBertiniCaptureAtRest
-----------------------------------------------------------------------
                           Hadronic Processes for lambda
  Process: hadElastic
        Model:              hElasticLHEP: 0 eV  ---> 100 TeV
     Cr_sctns:            Glauber-Gribov: 0 eV  ---> 100 TeV
  Process: lambdaInelastic
        Model:                      FTFP: 3 GeV ---> 100 TeV
        Model:            BertiniCascade: 0 eV  ---> 6 GeV
     Cr_sctns:            Glauber-Gribov: 0 eV  ---> 100 TeV
-----------------------------------------------------------------------
                           Hadronic Processes for mu+
  Process: muonNuclear
        Model:      G4MuonVDNuclearModel: 0 eV  ---> 1 PeV
     Cr_sctns:     KokoulinMuonNuclearXS: 0 eV  ---> 100 TeV
-----------------------------------------------------------------------
                           Hadronic Processes for mu-
  Process: muonNuclear
        Model:      G4MuonVDNuclearModel: 0 eV  ---> 1 PeV
     Cr_sctns:     KokoulinMuonNuclearXS: 0 eV  ---> 100 TeV
  Process: muMinusCaptureAtRest
-----------------------------------------------------------------------
                           Hadronic Processes for pi+
  Process: hadElastic
        Model:           hElasticGlauber: 0 eV  ---> 100 TeV
     Cr_sctns:  BarashenkovGlauberGribov: 0 eV  ---> 100 TeV
  Process: pi+Inelastic
        Model:                      FTFP: 3 GeV ---> 100 TeV
        Model:            BertiniCascade: 0 eV  ---> 6 GeV
     Cr_sctns:  BarashenkovGlauberGribov: 0 eV  ---> 100 TeV
-----------------------------------------------------------------------
                           Hadronic Processes for pi-
  Process: hadElastic
        Model:           hElasticGlauber: 0 eV  ---> 100 TeV
     Cr_sctns:  BarashenkovGlauberGribov: 0 eV  ---> 100 TeV
  Process: pi-Inelastic
        Model:                      FTFP: 3 GeV ---> 100 TeV
        Model:            BertiniCascade: 0 eV  ---> 6 GeV
     Cr_sctns:  BarashenkovGlauberGribov: 0 eV  ---> 100 TeV
  Process: hBertiniCaptureAtRest
-----------------------------------------------------------------------
                           Hadronic Processes for proton
  Process: hadElastic
        Model:             hElasticCHIPS: 0 eV  ---> 100 TeV
     Cr_sctns:  BarashenkovGlauberGribov: 0 eV  ---> 100 TeV
  Process: protonInelastic
        Model:                      FTFP: 3 GeV ---> 100 TeV
        Model:            BertiniCascade: 0 eV  ---> 6 GeV
     Cr_sctns:  BarashenkovGlauberGribov: 0 eV  ---> 100 TeV
-----------------------------------------------------------------------
                           Hadronic Processes for sigma-
  Process: hadElastic
        Model:              hElasticLHEP: 0 eV  ---> 100 TeV
     Cr_sctns:            Glauber-Gribov: 0 eV  ---> 100 TeV
  Process: sigma-Inelastic
        Model:                      FTFP: 3 GeV ---> 100 TeV
        Model:            BertiniCascade: 0 eV  ---> 6 GeV
     Cr_sctns:            Glauber-Gribov: 0 eV  ---> 100 TeV
  Process: hBertiniCaptureAtRest
-----------------------------------------------------------------------
                           Hadronic Processes for triton
  Process: hadElastic
        Model:              hElasticLHEP: 0 eV /n ---> 100 TeV/n
     Cr_sctns:  Glauber-Gribov Nucl-nucl: 0 eV  ---> 25.6 PeV
  Process: tInelastic
        Model:  Binary Light Ion Cascade: 0 eV /n ---> 6 GeV/n
        Model:                      FTFP: 3 GeV/n ---> 100 TeV/n
     Cr_sctns:  Glauber-Gribov Nucl-nucl: 0 eV  ---> 25.6 PeV
=======================================================================
======       Geant4 Native Pre-compound Model Parameters       ========
=======================================================================
Type of pre-compound model                          0
Type of pre-compound inverse x-section              1
Pre-compound model active                           1
Pre-compound excitation low energy                  0.1 MeV 
Pre-compound excitation high energy                 15 MeV 
Angular generator for pre-compound model            1
Use NeverGoBack option for pre-compound model       0
Use SoftCutOff option for pre-compound model        0
Use CEM transitions for pre-compound model          1
Use GNASH transitions for pre-compound model        0
Use HETC submodel for pre-compound model            0
=======================================================================
======       Nuclear De-excitation Module Parameters           ========
=======================================================================
Type of de-excitation inverse x-section             3
Type of de-excitation factory                       Evaporation+GEM
Number of de-excitation channels                    68
Type of Fermi BreakUp model                         ModelVI
Min excitation energy                               0.01 keV 
Min energy per nucleon for multifragmentation       2e+05 MeV
Level density (1/MeV)                               0.075
Use simple level density model                      1
Use discrete excitation energy of the residual      0
Time limit for long lived isomeres                  1 ns 
Isomer production flag                              1
Internal e- conversion flag                         1
Store e- internal conversion data                   1
Correlated gamma emission flag                      0
Max 2J for sampling of angular correlations         10
=======================================================================
### Run 0 starts.

-------- WWWW ------- G4Exception-START -------- WWWW -------
*** G4Exception : Analysis_W001
      issued by : G4RootNtupleFileManager::SetNtupleMergingMode
Merging ntuples is not applicable in sequential application.
Setting was ignored.
*** This is just a warning message. ***
-------- WWWW -------- G4Exception-END --------- WWWW -------

... set ntuple merging row mode : row-wise - done
... create file : B5.root - done
... open analysis file : B5.root - done
... create file : B5ntuple.root - done
... open analysis file : B5.root - done
--> Event 0 starts.

>>> Event 0 >>> Simulation truth : proton (0,0,100000)
Hodoscope 1 has 1 hits.
  Hodoscope[7] 4.9870027260872 (nsec)
Hodoscope 2 has 0 hits.
Drift Chamber 1 has 52 hits.
  Layer[0] : time 6.6726217793767 (nsec) --- local (x,y) -2.7166036970321, -15.192209210821
  Layer[0] : time 6.6724276457646 (nsec) --- local (x,y) -13.18009355982, 11.652234291157
  Layer[0] : time 6.7006592069844 (nsec) --- local (x,y) 24.753039968198, 72.392396265437
  Layer[0] : time 6.6746395354806 (nsec) --- local (x,y) -10.404949384203, -18.012573753127
  Layer[0] : time 10.438406042016 (nsec) --- local (x,y) -191.89455101482, 135.79874471485
  Layer[0] : time 10.43896462741 (nsec) --- local (x,y) -191.91418165663, 135.81270281748
  Layer[0] : time 10.43896462741 (nsec) --- local (x,y) -191.91418165663, 135.81270281748
  Layer[0] : time 10.440433206097 (nsec) --- local (x,y) -191.99196083102, 135.83768403024
  Layer[0] : time 10.441947278039 (nsec) --- local (x,y) -192.06138360725, 135.87456411527
  Layer[0] : time 10.443485878966 (nsec) --- local (x,y) -192.11817203757, 135.92831389964
  Layer[0] : time 10.444046282618 (nsec) --- local (x,y) -192.14185267534, 135.94297720373
  Layer[0] : time 10.445658782632 (nsec) --- local (x,y) -192.21213490735, 135.95094103378
  Layer[0] : time 10.444046282618 (nsec) --- local (x,y) -192.14185267534, 135.94297720373
  Layer[0] : time 6.7644537021791 (nsec) --- local (x,y) 93.469712108513, 120.21008246131
  Layer[0] : time 9.7709160406835 (nsec) --- local (x,y) -542.31725575674, 148.57479796568
  Layer[0] : time 6.815333486025 (nsec) --- local (x,y) 157.82497470468, 33.374322510702
  Layer[0] : time 7.3335584266213 (nsec) --- local (x,y) 358.68205566887, 210.49134369372
  Layer[0] : time 6.9264930490832 (nsec) --- local (x,y) -151.14560170608, -141.53715526217
  Layer[0] : time 6.6955413703388 (nsec) --- local (x,y) -17.199923875111, -64.170571749293
  Layer[0] : time 6.6845897986439 (nsec) --- local (x,y) -41.693751009825, 30.454913181703
  Layer[1] : time 8.3418858438434 (nsec) --- local (x,y) -5.4086060737312, -30.288773515461
  Layer[1] : time 8.3414955058565 (nsec) --- local (x,y) -26.266479031754, 23.180129469784
  Layer[1] : time 8.3977729372934 (nsec) --- local (x,y) 49.308209063012, 144.29449534775
  Layer[1] : time 8.3459139778283 (nsec) --- local (x,y) -20.755098111124, -35.955732462767
  Layer[1] : time 15.914465481732 (nsec) --- local (x,y) -382.89735582202, 272.51889738454
  Layer[1] : time 8.5260978325768 (nsec) --- local (x,y) 187.88837405832, 240.86512970276
  Layer[1] : time 8.6281841692803 (nsec) --- local (x,y) 316.51055594279, 68.198164844624
  Layer[1] : time 8.8482772204249 (nsec) --- local (x,y) -301.13825961471, -282.58085797158
  Layer[1] : time 8.3876356494679 (nsec) --- local (x,y) -34.210741266495, -128.08510329539
  Layer[1] : time 8.3657152387128 (nsec) --- local (x,y) -83.085394987989, 60.596377751612
  Layer[2] : time 10.011145206908 (nsec) --- local (x,y) -8.2108994306592, -45.318085838224
  Layer[2] : time 10.010560323337 (nsec) --- local (x,y) -39.317858783321, 34.708029117642
  Layer[2] : time 10.09488736625 (nsec) --- local (x,y) 73.88530667746, 216.19014094467
  Layer[2] : time 10.017188310456 (nsec) --- local (x,y) -31.077040890661, -53.912593660262
  Layer[2] : time 10.441123239747 (nsec) --- local (x,y) 475.2708248277, 102.99036431251
  Layer[2] : time 10.079658257915 (nsec) --- local (x,y) -51.173672397305, -191.8396644938
  Layer[2] : time 10.046825895323 (nsec) --- local (x,y) -124.50359669452, 90.625315941486
  Layer[3] : time 11.680395530298 (nsec) --- local (x,y) -10.938530731941, -60.270286603512
  Layer[3] : time 11.679622753277 (nsec) --- local (x,y) -52.341611066099, 46.236048199144
  Layer[3] : time 11.792005065399 (nsec) --- local (x,y) 98.47726727561, 288.08715474684
  Layer[3] : time 11.688456514583 (nsec) --- local (x,y) -41.370860425803, -71.83348310862
  Layer[3] : time 12.253991025962 (nsec) --- local (x,y) 633.9329400734, 137.83601553499
  Layer[3] : time 11.771687989075 (nsec) --- local (x,y) -68.271276169245, -255.57002751143
  Layer[3] : time 11.727921268213 (nsec) --- local (x,y) -165.91698248654, 120.5821658686
  Layer[4] : time 13.34963875185 (nsec) --- local (x,y) -13.613286955193, -75.160714091634
  Layer[4] : time 13.348687111485 (nsec) --- local (x,y) -65.39186899668, 57.758935172759
  Layer[4] : time 13.942860889921 (nsec) --- local (x,y) 110.21282995668, 99.013495746504
  Layer[4] : time 13.945224257798 (nsec) --- local (x,y) 110.39875196824, 98.873543985451
  Layer[4] : time 13.950715164318 (nsec) --- local (x,y) 110.74771921088, 98.637673391558
  Layer[4] : time 13.359729184277 (nsec) --- local (x,y) -51.785041793836, -89.720886520516
  Layer[4] : time 14.066850364007 (nsec) --- local (x,y) 792.49507851362, 173.02553303402
  Layer[4] : time 13.409052248427 (nsec) --- local (x,y) -207.41773459037, 150.59447618084
Drift Chamber 2 has 0 hits.
EM Calorimeter has 0 hits. Total Edep is 0 (MeV)
Hadron Calorimeter has 0 hits. Total Edep is 0 (MeV)
... write file : B5.root - done
... write file : B5ntuple.root - done
... close file : B5.root - done
... close file : B5ntuple.root - done
### Run 1 starts.
... create file : B5.root - done
... open analysis file : B5.root - done
... create file : B5ntuple.root - done
... open analysis file : B5.root - done
--> Event 0 starts.

>>> Event 0 >>> Simulation truth : pi+ (0,0,100000)
Hodoscope 1 has 1 hits.
  Hodoscope[7] 4.9867880806847 (nsec)
Hodoscope 2 has 3 hits.
  Hodoscope[10] 42.693547307307 (nsec)
  Hodoscope[4] 4834.6357921503 (nsec)
  Hodoscope[15] 505.53067017739 (nsec)
Drift Chamber 1 has 5 hits.
  Layer[0] : time 6.6709548388456 (nsec) --- local (x,y) -0.029551660705027, -0.0078505312954546
  Layer[1] : time 8.3387769402415 (nsec) --- local (x,y) -0.044389856521429, -0.014644209697098
  Layer[2] : time 10.006599041536 (nsec) --- local (x,y) -0.058994647620954, -0.019260361970165
  Layer[3] : time 11.674421142729 (nsec) --- local (x,y) -0.072860376647334, -0.02236964149531
  Layer[4] : time 13.342243243978 (nsec) --- local (x,y) -0.086231375374491, -0.02782021814498
Drift Chamber 2 has 5 hits.
  Layer[0] : time 34.366248879686 (nsec) --- local (x,y) -82.681515480068, -0.14058871179248
  Layer[1] : time 36.034979426376 (nsec) --- local (x,y) -99.186641237607, -0.14523236382693
  Layer[2] : time 37.703709792904 (nsec) --- local (x,y) -115.69013023048, -0.14793641658425
  Layer[3] : time 39.372440092987 (nsec) --- local (x,y) -132.1930152424, -0.15132611562473
  Layer[4] : time 41.041170450936 (nsec) --- local (x,y) -148.69642577475, -0.15597825583234
EM Calorimeter has 65 hits. Total Edep is 1144.4579921396 (MeV)
Hadron Calorimeter has 18 hits. Total Edep is 3608.1751529207 (MeV)
... write file : B5.root - done
... write file : B5ntuple.root - done
... close file : B5.root - done
... close file : B5ntuple.root - done
### Run 2 starts.
... create file : B5.root - done
... open analysis file : B5.root - done
... create file : B5ntuple.root - done
... open analysis file : B5.root - done
--> Event 0 starts.

>>> Event 0 >>> Simulation truth : e+ (-0,0,100000)
Hodoscope 1 has 1 hits.
  Hodoscope[7] 4.9867832236834 (nsec)
Hodoscope 2 has 1 hits.
  Hodoscope[9] 43.186174319174 (nsec)
Drift Chamber 1 has 5 hits.
  Layer[0] : time 6.6709483421911 (nsec) --- local (x,y) 0.022205761661111, -0.033521270471524
  Layer[1] : time 8.3387688200759 (nsec) --- local (x,y) 0.033156173719398, -0.054526783486345
  Layer[2] : time 10.006589298136 (nsec) --- local (x,y) 0.044068192801513, -0.076761801709758
  Layer[3] : time 11.674409776366 (nsec) --- local (x,y) 0.056096357625088, -0.099554244583718
  Layer[4] : time 13.342230254566 (nsec) --- local (x,y) 0.066056900440006, -0.12312709130724
Drift Chamber 2 has 5 hits.
  Layer[0] : time 34.848924096023 (nsec) --- local (x,y) -147.42151506092, -0.53616933625304
  Layer[1] : time 36.519647986989 (nsec) --- local (x,y) -176.93723668588, -0.57759444880485
  Layer[2] : time 38.190372185664 (nsec) --- local (x,y) -206.45452416151, -0.61868173952621
  Layer[3] : time 39.861097245417 (nsec) --- local (x,y) -235.97619246409, -0.6591837949107
  Layer[4] : time 41.531822275641 (nsec) --- local (x,y) -265.4977114722, -0.69905194703297
EM Calorimeter has 45 hits. Total Edep is 87633.189145093 (MeV)
Hadron Calorimeter has 10 hits. Total Edep is 60.779941754401 (MeV)
... write file : B5.root - done
... write file : B5ntuple.root - done
... close file : B5.root - done
... close file : B5ntuple.root - done
### Run 3 starts.
... create file : B5.root - done
... open analysis file : B5.root - done
... create file : B5ntuple.root - done
... open analysis file : B5.root - done
--> Event 0 starts.

>>> Event 0 >>> Simulation truth : proton (0,0,10000)
Hodoscope 1 has 1 hits.
  Hodoscope[7] 5.0086869122906 (nsec)
Hodoscope 2 has 1 hits.
  Hodoscope[9] 43.375279063358 (nsec)
Drift Chamber 1 has 7 hits.
  Layer[0] : time 6.7002561466966 (nsec) --- local (x,y) 0.079524448021338, -0.030200114995916
  Layer[0] : time 7.2887942914019 (nsec) --- local (x,y) 299.07161408951, 175.62778772851
  Layer[1] : time 8.3754090459471 (nsec) --- local (x,y) 0.06590467758101, -0.037033785218315
  Layer[1] : time 9.2009384922956 (nsec) --- local (x,y) 350.23639436022, 112.44259492114
  Layer[2] : time 10.050562077418 (nsec) --- local (x,y) 0.068554549719868, -0.037716213657157
  Layer[3] : time 11.725715269843 (nsec) --- local (x,y) 0.041107585464562, -0.043873640056822
  Layer[4] : time 13.400868750947 (nsec) --- local (x,y) 0.011157626528366, -0.058185145051895
Drift Chamber 2 has 5 hits.
  Layer[0] : time 35.00132798363 (nsec) --- local (x,y) -148.46812132889, 0.76844035309042
  Layer[1] : time 36.679427908199 (nsec) --- local (x,y) -178.12455735391, 0.82257744113745
  Layer[2] : time 38.357524938068 (nsec) --- local (x,y) -207.76569309903, 0.88804517234801
  Layer[3] : time 40.035592671847 (nsec) --- local (x,y) -237.25708758383, 0.62726337294034
  Layer[4] : time 41.713658471196 (nsec) --- local (x,y) -266.73810593391, 0.37786835258232
EM Calorimeter has 3 hits. Total Edep is 183.87190257825 (MeV)
Hadron Calorimeter has 8 hits. Total Edep is 533.34598240597 (MeV)
... write file : B5.root - done
... write file : B5ntuple.root - done
... close file : B5.root - done
... close file : B5ntuple.root - done
### Run 4 starts.
... create file : B5.root - done
... open analysis file : B5.root - done
... create file : B5ntuple.root - done
... open analysis file : B5.root - done
--> Event 0 starts.

>>> Event 0 >>> Simulation truth : pi+ (-0,0,10000)
Hodoscope 1 has 1 hits.
  Hodoscope[7] 4.9872689231249 (nsec)
Hodoscope 2 has 1 hits.
  Hodoscope[10] 42.699249823148 (nsec)
Drift Chamber 1 has 5 hits.
  Layer[0] : time 6.6715981500374 (nsec) --- local (x,y) 0.013001922481187, 0.045025434977216
  Layer[1] : time 8.3395811543046 (nsec) --- local (x,y) 0.072486307749891, 0.079995754789398
  Layer[2] : time 10.007564162015 (nsec) --- local (x,y) 0.12595323505488, 0.057571853375043
  Layer[3] : time 11.675547170567 (nsec) --- local (x,y) 0.16164646656617, 0.0095828789460443
  Layer[4] : time 13.343530177461 (nsec) --- local (x,y) 0.1862349722231, -0.032346866118363
Drift Chamber 2 has 5 hits.
  Layer[0] : time 34.37094638585 (nsec) --- local (x,y) -83.755499274162, -0.22112233224529
  Layer[1] : time 36.039876733634 (nsec) --- local (x,y) -100.60883865216, -0.15449398315638
  Layer[2] : time 37.708808192018 (nsec) --- local (x,y) -117.47182810865, -0.049582021023762
  Layer[3] : time 39.377739961973 (nsec) --- local (x,y) -134.33762852018, 0.043446455233108
  Layer[4] : time 41.046671536362 (nsec) --- local (x,y) -151.20160328355, 0.14656997583489
EM Calorimeter has 28 hits. Total Edep is 230.51030544354 (MeV)
Hadron Calorimeter has 10 hits. Total Edep is 496.03321954807 (MeV)
... write file : B5.root - done
... write file : B5ntuple.root - done
... close file : B5.root - done
... close file : B5ntuple.root - done
### Run 5 starts.
... create file : B5.root - done
... open analysis file : B5.root - done
... create file : B5ntuple.root - done
... open analysis file : B5.root - done
--> Event 0 starts.

>>> Event 0 >>> Simulation truth : e+ (0,0,10000)
Hodoscope 1 has 1 hits.
  Hodoscope[7] 4.9867832350093 (nsec)
Hodoscope 2 has 1 hits.
  Hodoscope[9] 43.18568640041 (nsec)
Drift Chamber 1 has 5 hits.
  Layer[0] : time 6.6709483677198 (nsec) --- local (x,y) -0.010036748330497, 0.013729900298551
  Layer[1] : time 8.3387688552764 (nsec) --- local (x,y) -0.050963713835091, -0.019521141701533
  Layer[2] : time 10.006589349125 (nsec) --- local (x,y) -0.0951385206732, -0.071730283959671
  Layer[3] : time 11.674409848135 (nsec) --- local (x,y) -0.12473670827951, -0.14390991057552
  Layer[4] : time 13.342230360453 (nsec) --- local (x,y) -0.16947828680231, -0.23439437690107
Drift Chamber 2 has 5 hits.
  Layer[0] : time 34.848412988652 (nsec) --- local (x,y) -147.8724394769, -2.26381962316
  Layer[1] : time 36.519144978884 (nsec) --- local (x,y) -177.42897274662, -2.4137575876996
  Layer[2] : time 38.189874374049 (nsec) --- local (x,y) -206.97218470176, -2.5866247664978
  Layer[3] : time 39.86060248068 (nsec) --- local (x,y) -236.50890572967, -2.750936596249
  Layer[4] : time 41.531329119083 (nsec) --- local (x,y) -266.03819245011, -2.9096739164953
EM Calorimeter has 13 hits. Total Edep is 9650.8875754901 (MeV)
Hadron Calorimeter has 2 hits. Total Edep is 2.2362364947452 (MeV)
... write file : B5.root - done
... write file : B5ntuple.root - done
... close file : B5.root - done
... close file : B5ntuple.root - done
### Run 6 starts.
... create file : B5.root - done
... open analysis file : B5.root - done
... create file : B5ntuple.root - done
... open analysis file : B5.root - done
--> Event 0 starts.

>>> Event 0 >>> Simulation truth : proton (0,0,1000)
Hodoscope 1 has 1 hits.
  Hodoscope[7] 6.8389589990489 (nsec)
Hodoscope 2 has 1 hits.
  Hodoscope[9] 59.479524677889 (nsec)
Drift Chamber 1 has 5 hits.
  Layer[0] : time 9.1539398644548 (nsec) --- local (x,y) 0.37529715438746, 0.55338739655143
  Layer[1] : time 11.446765736737 (nsec) --- local (x,y) 1.4693190480429, 0.57996825067788
  Layer[2] : time 13.739911443349 (nsec) --- local (x,y) 2.7703053119327, 0.60632735781747
  Layer[3] : time 16.033267556067 (nsec) --- local (x,y) 4.170021185289, 0.53308290830484
  Layer[4] : time 18.326816644379 (nsec) --- local (x,y) 5.8868679150812, 0.73505455931303
Drift Chamber 2 has 5 hits.
  Layer[0] : time 47.984841290985 (nsec) --- local (x,y) -135.57686924917, 14.739423272312
  Layer[1] : time 50.287758602227 (nsec) --- local (x,y) -169.21836105786, 17.00146870284
  Layer[2] : time 52.590913852048 (nsec) --- local (x,y) -202.8053493255, 19.165035436837
  Layer[3] : time 54.89435916842 (nsec) --- local (x,y) -236.64294770849, 21.584303581027
  Layer[4] : time 57.198133497328 (nsec) --- local (x,y) -270.80118177178, 23.809535435277
EM Calorimeter has 19 hits. Total Edep is 193.02883261725 (MeV)
Hadron Calorimeter has 0 hits. Total Edep is 0 (MeV)
... write file : B5.root - done
... write file : B5ntuple.root - done
... close file : B5.root - done
... close file : B5ntuple.root - done
### Run 7 starts.
... create file : B5.root - done
... open analysis file : B5.root - done
... create file : B5ntuple.root - done
... open analysis file : B5.root - done
--> Event 0 starts.

>>> Event 0 >>> Simulation truth : pi+ (0,0,1000)
Hodoscope 1 has 1 hits.
  Hodoscope[7] 5.0351447620947 (nsec)
Hodoscope 2 has 1 hits.
  Hodoscope[10] 43.091481949388 (nsec)
Drift Chamber 1 has 5 hits.
  Layer[0] : time 6.7357097953367 (nsec) --- local (x,y) -0.4889559155997, 0.45259393290067
  Layer[1] : time 8.4197744785115 (nsec) --- local (x,y) -0.4887935746407, 0.62618252071916
  Layer[2] : time 10.10384179513 (nsec) --- local (x,y) -0.61116490009921, 0.93462857303846
  Layer[3] : time 11.787912179704 (nsec) --- local (x,y) -0.71333106794409, 1.4492331942863
  Layer[4] : time 13.471986296036 (nsec) --- local (x,y) -1.0643106994281, 2.0048187750769
Drift Chamber 2 has 5 hits.
  Layer[0] : time 34.681991566281 (nsec) --- local (x,y) -94.715301094443, 14.640346014176
  Layer[1] : time 36.367198181962 (nsec) --- local (x,y) -112.67504651754, 15.295055269875
  Layer[2] : time 38.052404857387 (nsec) --- local (x,y) -130.6084032063, 15.941863320493
  Layer[3] : time 39.737589317432 (nsec) --- local (x,y) -148.30762833762, 16.573471421834
  Layer[4] : time 41.4227845596 (nsec) --- local (x,y) -166.0503689865, 17.173533323945
EM Calorimeter has 21 hits. Total Edep is 557.09198903424 (MeV)
Hadron Calorimeter has 6 hits. Total Edep is 2.2551360145833 (MeV)
... write file : B5.root - done
... write file : B5ntuple.root - done
... close file : B5.root - done
... close file : B5ntuple.root - done
### Run 8 starts.
... create file : B5.root - done
... open analysis file : B5.root - done
... create file : B5ntuple.root - done
... open analysis file : B5.root - done
--> Event 0 starts.

>>> Event 0 >>> Simulation truth : e+ (-0,0,1000)
Hodoscope 1 has 1 hits.
  Hodoscope[7] 4.9867868943981 (nsec)
Hodoscope 2 has 1 hits.
  Hodoscope[9] 43.188877330996 (nsec)
Drift Chamber 1 has 11 hits.
  Layer[0] : time 6.6709581198435 (nsec) --- local (x,y) 0.86877024866379, 2.561013775918
  Layer[1] : time 8.3387847011054 (nsec) --- local (x,y) 1.3825343883469, 3.7810735409773
  Layer[1] : time 8.3389655589552 (nsec) --- local (x,y) 1.3825585625774, 3.7812132306206
  Layer[1] : time 8.3389655589552 (nsec) --- local (x,y) 1.3825585625774, 3.7812132306206
  Layer[1] : time 8.3398560058737 (nsec) --- local (x,y) 1.3571233978982, 3.7906148023665
  Layer[1] : time 8.3408617591344 (nsec) --- local (x,y) 1.3418445907654, 3.7636591276046
  Layer[1] : time 8.341961487459 (nsec) --- local (x,y) 1.3304505452689, 3.7332404200783
  Layer[1] : time 8.3428869890444 (nsec) --- local (x,y) 1.3100352097296, 3.7266086136401
  Layer[2] : time 10.00660910644 (nsec) --- local (x,y) 1.5953157263255, 4.8102460300674
  Layer[3] : time 11.674432834271 (nsec) --- local (x,y) 1.9113982531509, 5.703889962174
  Layer[4] : time 13.342257043979 (nsec) --- local (x,y) 2.0628435152185, 6.7163987607349
Drift Chamber 2 has 5 hits.
  Layer[0] : time 34.848462991879 (nsec) --- local (x,y) -160.51562797754, 26.794499848718
  Layer[1] : time 36.519756717942 (nsec) --- local (x,y) -192.76500499311, 28.292346598563
  Layer[2] : time 38.19112207506 (nsec) --- local (x,y) -225.34501995298, 29.817386869998
  Layer[3] : time 39.862527235075 (nsec) --- local (x,y) -258.10709402047, 31.364783190803
  Layer[4] : time 41.533903352062 (nsec) --- local (x,y) -290.731316748, 33.000540547209
EM Calorimeter has 9 hits. Total Edep is 972.17143395113 (MeV)
Hadron Calorimeter has 0 hits. Total Edep is 0 (MeV)
... write file : B5.root - done
... write file : B5ntuple.root - done
... close file : B5.root - done
... close file : B5ntuple.root - done
Graphics systems deleted.
Visualization Manager deleting...
